<?xml version="1.0" encoding="UTF-8"?>
<!-- Generated by org.testng.reporters.JUnitXMLReporter -->
<testsuite hostname="KPCL9070" ignored="1" name="KyTe Driver Rostering (failed)" tests="2" failures="2" timestamp="23 Dec 2019 15:14:42 GMT" time="58.594" errors="0">
  <testcase name="gridColTest" time="0.061" classname="com.roster.TestCases.ShiftMapTest">
    <failure type="java.lang.AssertionError" message="expected [4] but found [7]">
      <![CDATA[java.lang.AssertionError: expected [4] but found [7]
at com.roster.TestCases.ShiftMapTest.gridColTest(ShiftMapTest.java:55)
... Removed 31 stack frames]]>
    </failure>
  </testcase> <!-- gridColTest -->
  <testcase name="gridRowTest" time="0.128" classname="com.roster.TestCases.ShiftMapTest">
    <failure type="java.lang.AssertionError" message="expected [580] but found [587]">
      <![CDATA[java.lang.AssertionError: expected [580] but found [587]
at com.roster.TestCases.ShiftMapTest.gridRowTest(ShiftMapTest.java:63)
... Removed 31 stack frames]]>
    </failure>
  </testcase> <!-- gridRowTest -->
  <testcase name="srchSlct" time="0.0" classname="com.roster.TestCases.ShiftMapTest">
    <ignored/>
  </testcase> <!-- srchSlct -->
</testsuite> <!-- KyTe Driver Rostering (failed) -->
