<?xml version="1.0" encoding="UTF-8"?>
<!-- Generated by org.testng.reporters.JUnitXMLReporter -->
<testsuite hostname="Balaji-PC" name="KyTe Driver Rostering " tests="3" failures="0" timestamp="15 Jan 2020 04:39:08 GMT" time="45.724" errors="0">
  <testcase name="@BeforeMethod setup" time="0.0" classname="com.roster.TestCases.ShiftMapTest">
    <failure type="java.lang.NullPointerException">
      <![CDATA[java.lang.NullPointerException
	at javax.imageio.ImageIO.write(ImageIO.java:1538)
	at com.roster.utilities.TestUtil.captureScreenShot(TestUtil.java:45)
	at com.roster.utilities.WebEventListener.onException(WebEventListener.java:189)
	at org.openqa.selenium.support.events.EventFiringWebDriver.lambda$new$0(EventFiringWebDriver.java:84)
	at com.sun.proxy.$Proxy24.onException(Unknown Source)
	at org.openqa.selenium.support.events.EventFiringWebDriver$EventFiringWebElement.lambda$new$0(EventFiringWebDriver.java:406)
	at com.sun.proxy.$Proxy29.click(Unknown Source)
	at org.openqa.selenium.support.events.EventFiringWebDriver$EventFiringWebElement.click(EventFiringWebDriver.java:417)
	at org.openqa.selenium.support.pagefactory.internal.LocatingElementHandler.invoke(LocatingElementHandler.java:51)
	at com.sun.proxy.$Proxy28.click(Unknown Source)
	at com.roster.pages.HomePage.shftMapClick(HomePage.java:39)
	at com.roster.TestCases.ShiftMapTest.setup(ShiftMapTest.java:35)
... Removed 35 stack frames]]>
    </failure>
  </testcase> <!-- @BeforeMethod setup -->
  <testcase name="@AfterMethod tearDown" time="0.0" classname="com.roster.TestCases.ShiftMapTest">
    <skipped/>
  </testcase> <!-- @AfterMethod tearDown -->
  <testcase name="@BeforeMethod setup" time="0.0" classname="com.roster.TestCases.ShiftMapTest">
    <skipped/>
  </testcase> <!-- @BeforeMethod setup -->
  <testcase name="@AfterMethod tearDown" time="0.0" classname="com.roster.TestCases.ShiftMapTest">
    <skipped/>
  </testcase> <!-- @AfterMethod tearDown -->
  <testcase name="@BeforeMethod setup" time="0.0" classname="com.roster.TestCases.ShiftMapTest">
    <skipped/>
  </testcase> <!-- @BeforeMethod setup -->
  <testcase name="@AfterMethod tearDown" time="0.0" classname="com.roster.TestCases.ShiftMapTest">
    <skipped/>
  </testcase> <!-- @AfterMethod tearDown -->
  <testcase name="gridColTest" time="0.003" classname="com.roster.TestCases.ShiftMapTest">
    <skipped/>
  </testcase> <!-- gridColTest -->
  <testcase name="gridRowTest" time="0.001" classname="com.roster.TestCases.ShiftMapTest">
    <skipped/>
  </testcase> <!-- gridRowTest -->
  <testcase name="srchSlct" time="0.004" classname="com.roster.TestCases.ShiftMapTest">
    <skipped/>
  </testcase> <!-- srchSlct -->
</testsuite> <!-- KyTe Driver Rostering  -->
