<?xml version="1.0" encoding="UTF-8"?>
<!-- Generated by org.testng.reporters.JUnitXMLReporter -->
<testsuite hostname="KPCL9070" ignored="1" name="KyTe Driver Rostering (failed)(failed)" tests="2" failures="0" timestamp="23 Dec 2019 15:17:56 GMT" time="55.333" errors="0">
  <testcase name="gridColTest" time="0.042" classname="com.roster.TestCases.ShiftMapTest"/>
  <testcase name="gridRowTest" time="0.142" classname="com.roster.TestCases.ShiftMapTest"/>
  <testcase name="srchSlct" time="0.0" classname="com.roster.TestCases.ShiftMapTest">
    <ignored/>
  </testcase> <!-- srchSlct -->
</testsuite> <!-- KyTe Driver Rostering (failed)(failed) -->
